<?xml version="1.0" encoding="utf-8"?><testsuites name="pytest tests"><testsuite name="pytest" errors="0" failures="0" skipped="0" tests="27" time="9.430" timestamp="2026-04-12T10:27:50.960941+00:00" hostname="agent-env-a4db18f1-1bee-4c04-9ecb-d06932392be4"><testcase classname="backend.tests.test_jolihunt_api.TestHealthCheck" name="test_api_root" time="0.196" /><testcase classname="backend.tests.test_jolihunt_api.TestAuthentication" name="test_login_success" time="0.346" /><testcase classname="backend.tests.test_jolihunt_api.TestAuthentication" name="test_login_invalid_credentials" time="0.107" /><testcase classname="backend.tests.test_jolihunt_api.TestAuthentication" name="test_auth_me_authenticated" time="0.413" /><testcase classname="backend.tests.test_jolihunt_api.TestAuthentication" name="test_auth_me_unauthenticated" time="0.112" /><testcase classname="backend.tests.test_jolihunt_api.TestAuthentication" name="test_logout" time="0.396" /><testcase classname="backend.tests.test_jolihunt_api.TestAuthentication" name="test_register_new_user" time="0.354" /><testcase classname="backend.tests.test_jolihunt_api.TestAuthentication" name="test_register_duplicate_email" time="0.108" /><testcase classname="backend.tests.test_jolihunt_api.TestBlogPosts" name="test_get_blog_posts_public" time="0.126" /><testcase classname="backend.tests.test_jolihunt_api.TestBlogPosts" name="test_create_blog_post_admin" time="0.541" /><testcase classname="backend.tests.test_jolihunt_api.TestBlogPosts" name="test_create_blog_post_unauthorized" time="0.102" /><testcase classname="backend.tests.test_jolihunt_api.TestBlogPosts" name="test_get_single_blog_post" time="0.510" /><testcase classname="backend.tests.test_jolihunt_api.TestBlogPosts" name="test_update_blog_post" time="0.578" /><testcase classname="backend.tests.test_jolihunt_api.TestBlogPosts" name="test_delete_blog_post" time="0.554" /><testcase classname="backend.tests.test_jolihunt_api.TestBlogPosts" name="test_blog_post_not_found" time="0.134" /><testcase classname="backend.tests.test_jolihunt_api.TestUserManagement" name="test_get_users_admin" time="0.397" /><testcase classname="backend.tests.test_jolihunt_api.TestUserManagement" name="test_get_users_unauthorized" time="0.101" /><testcase classname="backend.tests.test_jolihunt_api.TestUserManagement" name="test_create_user_admin" time="0.709" /><testcase classname="backend.tests.test_jolihunt_api.TestUserManagement" name="test_update_user_admin" time="0.682" /><testcase classname="backend.tests.test_jolihunt_api.TestUserManagement" name="test_delete_user_admin" time="0.694" /><testcase classname="backend.tests.test_jolihunt_api.TestNewsletter" name="test_subscribe_newsletter" time="0.125" /><testcase classname="backend.tests.test_jolihunt_api.TestNewsletter" name="test_subscribe_duplicate_email" time="0.212" /><testcase classname="backend.tests.test_jolihunt_api.TestNewsletter" name="test_get_subscribers_admin" time="0.390" /><testcase classname="backend.tests.test_jolihunt_api.TestNewsletter" name="test_get_subscribers_unauthorized" time="0.098" /><testcase classname="backend.tests.test_jolihunt_api.TestProtectedRoutes" name="test_blog_create_regular_user" time="0.371" /><testcase classname="backend.tests.test_jolihunt_api.TestProtectedRoutes" name="test_users_list_regular_user" time="0.418" /><testcase classname="backend.tests.test_jolihunt_api.TestProtectedRoutes" name="test_newsletter_subscribers_regular_user" time="0.366" /></testsuite></testsuites>